<?xml version="1.0" encoding="UTF-8"?>
<!-- Generated by org.testng.reporters.JUnitReportReporter -->
<testsuite hostname="LAPTOP-5CS0VC75" failures="0" tests="4" name="testscripts.B_ValidateLogin" time="54.353" errors="0" timestamp="2024-12-23T18:20:29 IST" skipped="0">
  <testcase classname="testscripts.B_ValidateLogin" name="validateLoginTest3" time="19.403"/>
  <testcase classname="testscripts.B_ValidateLogin" name="validateLoginTest4" time="10.689"/>
  <testcase classname="testscripts.B_ValidateLogin" name="validateLoginTest1" time="11.891"/>
  <testcase classname="testscripts.B_ValidateLogin" name="validateLoginTest2" time="12.370"/>
</testsuite> <!-- testscripts.B_ValidateLogin -->
