<?xml version="1.0" encoding="UTF-8"?>
<!-- Generated by org.testng.reporters.JUnitReportReporter -->
<testsuite hostname="LAPTOP-5CS0VC75" failures="0" tests="1" name="testscripts.D_ValidateLoginDataProviderExcel" time="11.051" errors="0" timestamp="2024-12-23T12:25:40 IST" skipped="0">
  <testcase classname="testscripts.D_ValidateLoginDataProviderExcel" name="validateLoginTest" time="11.051"/>
</testsuite> <!-- testscripts.D_ValidateLoginDataProviderExcel -->
