<?xml version="1.0" encoding="UTF-8"?>
<!-- Generated by org.testng.reporters.JUnitReportReporter -->
<testsuite hostname="LAPTOP-5CS0VC75" failures="0" tests="1" name="testscripts.I_ValidateLoginUsingPOM2" time="20.278" errors="0" timestamp="2024-12-23T13:52:26 IST" skipped="0">
  <testcase classname="testscripts.I_ValidateLoginUsingPOM2" name="validateLoginTest" time="20.278"/>
</testsuite> <!-- testscripts.I_ValidateLoginUsingPOM2 -->
