<?xml version="1.0" encoding="UTF-8"?>
<!-- Generated by org.testng.reporters.JUnitReportReporter -->
<testsuite hostname="LAPTOP-5CS0VC75" failures="0" tests="1" name="testscripts.H_ValidateLoginUsingPOM" time="21.836" errors="0" timestamp="2024-12-23T13:50:47 IST" skipped="0">
  <testcase classname="testscripts.H_ValidateLoginUsingPOM" name="validateLoginTest" time="21.836"/>
</testsuite> <!-- testscripts.H_ValidateLoginUsingPOM -->
