<?xml version="1.0" encoding="UTF-8"?>
<!-- Generated by org.testng.reporters.JUnitReportReporter -->
<testsuite hostname="LAPTOP-5CS0VC75" failures="0" tests="4" name="testscripts.C_ValidateLoginDataProvider" time="52.641" errors="0" timestamp="2024-12-23T18:20:29 IST" skipped="0">
  <testcase classname="testscripts.C_ValidateLoginDataProvider" name="validateLoginTest" time="13.191"/>
  <testcase classname="testscripts.C_ValidateLoginDataProvider" name="validateLoginTest" time="11.911"/>
  <testcase classname="testscripts.C_ValidateLoginDataProvider" name="validateLoginTest" time="16.456"/>
  <testcase classname="testscripts.C_ValidateLoginDataProvider" name="validateLoginTest" time="11.083"/>
</testsuite> <!-- testscripts.C_ValidateLoginDataProvider -->
